[debug] [2022-08-09T06:13:16.063Z] ----------------------------------------------------------------------
[debug] [2022-08-09T06:13:16.064Z] Command:       /Users/arturfedotiev/.nvm/versions/node/v16.14.2/bin/node /Users/arturfedotiev/.nvm/versions/node/v16.14.2/bin/firebase deploy --only functions
[debug] [2022-08-09T06:13:16.065Z] CLI Version:   11.4.2
[debug] [2022-08-09T06:13:16.065Z] Platform:      darwin
[debug] [2022-08-09T06:13:16.065Z] Node Version:  v16.14.2
[debug] [2022-08-09T06:13:16.065Z] Time:          Tue Aug 09 2022 09:13:16 GMT+0300 (Eastern European Summer Time)
[debug] [2022-08-09T06:13:16.065Z] ----------------------------------------------------------------------
[debug] 
[debug] [2022-08-09T06:13:16.096Z] > command requires scopes: ["email","openid","https://www.googleapis.com/auth/cloudplatformprojects.readonly","https://www.googleapis.com/auth/firebase","https://www.googleapis.com/auth/cloud-platform"]
[debug] [2022-08-09T06:13:16.096Z] > authorizing via signed-in user (artur.fedotiew@gmail.com)
[debug] [2022-08-09T06:13:16.096Z] [iam] checking project omnia-retail-6ad5b for permissions ["cloudfunctions.functions.create","cloudfunctions.functions.delete","cloudfunctions.functions.get","cloudfunctions.functions.list","cloudfunctions.functions.update","cloudfunctions.operations.get","firebase.projects.get"]
[debug] [2022-08-09T06:13:16.097Z] >>> [apiv2][query] POST https://cloudresourcemanager.googleapis.com/v1/projects/omnia-retail-6ad5b:testIamPermissions [none]
[debug] [2022-08-09T06:13:16.097Z] >>> [apiv2][(partial)header] POST https://cloudresourcemanager.googleapis.com/v1/projects/omnia-retail-6ad5b:testIamPermissions x-goog-quota-user=projects/omnia-retail-6ad5b
[debug] [2022-08-09T06:13:16.097Z] >>> [apiv2][body] POST https://cloudresourcemanager.googleapis.com/v1/projects/omnia-retail-6ad5b:testIamPermissions {"permissions":["cloudfunctions.functions.create","cloudfunctions.functions.delete","cloudfunctions.functions.get","cloudfunctions.functions.list","cloudfunctions.functions.update","cloudfunctions.operations.get","firebase.projects.get"]}
[debug] [2022-08-09T06:13:16.967Z] <<< [apiv2][status] POST https://cloudresourcemanager.googleapis.com/v1/projects/omnia-retail-6ad5b:testIamPermissions 200
[debug] [2022-08-09T06:13:16.967Z] <<< [apiv2][body] POST https://cloudresourcemanager.googleapis.com/v1/projects/omnia-retail-6ad5b:testIamPermissions {"permissions":["cloudfunctions.functions.create","cloudfunctions.functions.delete","cloudfunctions.functions.get","cloudfunctions.functions.list","cloudfunctions.functions.update","cloudfunctions.operations.get","firebase.projects.get"]}
[debug] [2022-08-09T06:13:16.967Z] >>> [apiv2][query] POST https://iam.googleapis.com/v1/projects/omnia-retail-6ad5b/serviceAccounts/omnia-retail-6ad5b@appspot.gserviceaccount.com:testIamPermissions [none]
[debug] [2022-08-09T06:13:16.967Z] >>> [apiv2][body] POST https://iam.googleapis.com/v1/projects/omnia-retail-6ad5b/serviceAccounts/omnia-retail-6ad5b@appspot.gserviceaccount.com:testIamPermissions {"permissions":["iam.serviceAccounts.actAs"]}
[debug] [2022-08-09T06:13:17.721Z] <<< [apiv2][status] POST https://iam.googleapis.com/v1/projects/omnia-retail-6ad5b/serviceAccounts/omnia-retail-6ad5b@appspot.gserviceaccount.com:testIamPermissions 200
[debug] [2022-08-09T06:13:17.721Z] <<< [apiv2][body] POST https://iam.googleapis.com/v1/projects/omnia-retail-6ad5b/serviceAccounts/omnia-retail-6ad5b@appspot.gserviceaccount.com:testIamPermissions {"permissions":["iam.serviceAccounts.actAs"]}
[info] 
[info] === Deploying to 'omnia-retail-6ad5b'...
[info] 
[info] i  deploying functions 
[info] Running command: npm --prefix "$RESOURCE_DIR" run lint
[info] Running command: npm --prefix "$RESOURCE_DIR" run build
[info] ✔  functions: Finished running predeploy script. 
[debug] [2022-08-09T06:13:25.841Z] >>> [apiv2][query] GET https://firebase.googleapis.com/v1beta1/projects/omnia-retail-6ad5b [none]
[debug] [2022-08-09T06:13:26.139Z] <<< [apiv2][status] GET https://firebase.googleapis.com/v1beta1/projects/omnia-retail-6ad5b 200
[debug] [2022-08-09T06:13:26.139Z] <<< [apiv2][body] GET https://firebase.googleapis.com/v1beta1/projects/omnia-retail-6ad5b {"projectId":"omnia-retail-6ad5b","projectNumber":"372239190972","displayName":"Omnia Retail","name":"projects/omnia-retail-6ad5b","resources":{"hostingSite":"omnia-retail-6ad5b"},"state":"ACTIVE","etag":"1_a6caa19d-d53f-461e-a802-c6aa5337e648"}
[info] i  functions: ensuring required API cloudfunctions.googleapis.com is enabled... 
[info] i  functions: ensuring required API cloudbuild.googleapis.com is enabled... 
[info] i  artifactregistry: ensuring required API artifactregistry.googleapis.com is enabled... 
[debug] [2022-08-09T06:13:26.140Z] >>> [apiv2][query] GET https://serviceusage.googleapis.com/v1/projects/omnia-retail-6ad5b/services/cloudfunctions.googleapis.com [none]
[debug] [2022-08-09T06:13:26.141Z] >>> [apiv2][query] GET https://serviceusage.googleapis.com/v1/projects/omnia-retail-6ad5b/services/runtimeconfig.googleapis.com [none]
[debug] [2022-08-09T06:13:26.141Z] >>> [apiv2][query] GET https://serviceusage.googleapis.com/v1/projects/omnia-retail-6ad5b/services/cloudbuild.googleapis.com [none]
[debug] [2022-08-09T06:13:26.142Z] >>> [apiv2][query] GET https://serviceusage.googleapis.com/v1/projects/omnia-retail-6ad5b/services/artifactregistry.googleapis.com [none]
[debug] [2022-08-09T06:13:27.144Z] <<< [apiv2][status] GET https://serviceusage.googleapis.com/v1/projects/omnia-retail-6ad5b/services/artifactregistry.googleapis.com 200
[debug] [2022-08-09T06:13:27.145Z] <<< [apiv2][body] GET https://serviceusage.googleapis.com/v1/projects/omnia-retail-6ad5b/services/artifactregistry.googleapis.com [omitted]
[info] ✔  artifactregistry: required API artifactregistry.googleapis.com is enabled 
[debug] [2022-08-09T06:13:27.150Z] <<< [apiv2][status] GET https://serviceusage.googleapis.com/v1/projects/omnia-retail-6ad5b/services/cloudfunctions.googleapis.com 200
[debug] [2022-08-09T06:13:27.150Z] <<< [apiv2][body] GET https://serviceusage.googleapis.com/v1/projects/omnia-retail-6ad5b/services/cloudfunctions.googleapis.com [omitted]
[info] ✔  functions: required API cloudfunctions.googleapis.com is enabled 
[debug] [2022-08-09T06:13:27.151Z] <<< [apiv2][status] GET https://serviceusage.googleapis.com/v1/projects/omnia-retail-6ad5b/services/cloudbuild.googleapis.com 200
[debug] [2022-08-09T06:13:27.152Z] <<< [apiv2][body] GET https://serviceusage.googleapis.com/v1/projects/omnia-retail-6ad5b/services/cloudbuild.googleapis.com [omitted]
[info] ✔  functions: required API cloudbuild.googleapis.com is enabled 
[debug] [2022-08-09T06:13:27.152Z] <<< [apiv2][status] GET https://serviceusage.googleapis.com/v1/projects/omnia-retail-6ad5b/services/runtimeconfig.googleapis.com 200
[debug] [2022-08-09T06:13:27.152Z] <<< [apiv2][body] GET https://serviceusage.googleapis.com/v1/projects/omnia-retail-6ad5b/services/runtimeconfig.googleapis.com [omitted]
[debug] [2022-08-09T06:13:27.152Z] >>> [apiv2][query] GET https://firebase.googleapis.com/v1beta1/projects/omnia-retail-6ad5b/adminSdkConfig [none]
[debug] [2022-08-09T06:13:27.499Z] <<< [apiv2][status] GET https://firebase.googleapis.com/v1beta1/projects/omnia-retail-6ad5b/adminSdkConfig 200
[debug] [2022-08-09T06:13:27.499Z] <<< [apiv2][body] GET https://firebase.googleapis.com/v1beta1/projects/omnia-retail-6ad5b/adminSdkConfig {"projectId":"omnia-retail-6ad5b","storageBucket":"omnia-retail-6ad5b.appspot.com"}
[debug] [2022-08-09T06:13:27.500Z] >>> [apiv2][query] GET https://runtimeconfig.googleapis.com/v1beta1/projects/omnia-retail-6ad5b/configs [none]
[debug] [2022-08-09T06:13:28.333Z] <<< [apiv2][status] GET https://runtimeconfig.googleapis.com/v1beta1/projects/omnia-retail-6ad5b/configs 200
[debug] [2022-08-09T06:13:28.333Z] <<< [apiv2][body] GET https://runtimeconfig.googleapis.com/v1beta1/projects/omnia-retail-6ad5b/configs {}
[info] i  functions: preparing codebase default for deployment 
[debug] [2022-08-09T06:13:28.334Z] Validating nodejs source
[debug] [2022-08-09T06:13:29.808Z] > [functions] package.json contents: {
  "name": "functions",
  "scripts": {
    "lint": "eslint --ext .js,.ts .",
    "build": "tsc",
    "build:watch": "tsc --watch",
    "serve": "npm run build && firebase emulators:start --only functions",
    "shell": "npm run build && firebase functions:shell",
    "start": "npm run shell",
    "deploy": "firebase deploy --only functions",
    "logs": "firebase functions:log"
  },
  "engines": {
    "node": "16"
  },
  "main": "lib/index.js",
  "dependencies": {
    "@types/json-server": "^0.14.4",
    "@types/pluralize": "^0.0.29",
    "firebase-admin": "^10.0.2",
    "firebase-functions": "^3.18.0",
    "json-server": "^0.17.0",
    "pluralize": "^8.0.0"
  },
  "devDependencies": {
    "@typescript-eslint/eslint-plugin": "^5.12.0",
    "@typescript-eslint/parser": "^5.12.0",
    "eslint": "^8.9.0",
    "eslint-config-google": "^0.14.0",
    "eslint-plugin-import": "^2.25.4",
    "firebase-functions-test": "^0.2.0",
    "typescript": "^4.5.4"
  },
  "private": true
}
[debug] [2022-08-09T06:13:29.808Z] Building nodejs source
[debug] [2022-08-09T06:13:29.809Z] Could not find functions.yaml. Must use http discovery
[debug] [2022-08-09T06:13:29.910Z] Serving at port 9005

[debug] [2022-08-09T06:13:29.967Z] Got response from /__/functions.yaml {"endpoints":{"api":{"platform":"gcfv1","httpsTrigger":{},"entryPoint":"api"}},"specVersion":"v1alpha1","requiredAPIs":[]}
[debug] [2022-08-09T06:13:29.972Z] shutdown requested via /__/quitquitquit

[info] i  functions: preparing functions directory for uploading... 
[info] i  functions: packaged /Users/arturfedotiev/workspace/projects/omnia/functions (73.72 KB) for uploading 
[debug] [2022-08-09T06:13:40.037Z] > refreshing access token with scopes: []
[debug] [2022-08-09T06:13:40.037Z] >>> [apiv2][query] POST https://www.googleapis.com/oauth2/v3/token [none]
[debug] [2022-08-09T06:13:40.037Z] >>> [apiv2][body] POST https://www.googleapis.com/oauth2/v3/token [omitted]
[debug] [2022-08-09T06:13:40.169Z] <<< [apiv2][status] POST https://www.googleapis.com/oauth2/v3/token 200
[debug] [2022-08-09T06:13:40.169Z] <<< [apiv2][body] POST https://www.googleapis.com/oauth2/v3/token [omitted]
[debug] [2022-08-09T06:13:40.239Z] >>> [apiv2][query] GET https://cloudfunctions.googleapis.com/v1/projects/omnia-retail-6ad5b/locations/-/functions [none]
[debug] [2022-08-09T06:13:40.824Z] <<< [apiv2][status] GET https://cloudfunctions.googleapis.com/v1/projects/omnia-retail-6ad5b/locations/-/functions 200
[debug] [2022-08-09T06:13:40.824Z] <<< [apiv2][body] GET https://cloudfunctions.googleapis.com/v1/projects/omnia-retail-6ad5b/locations/-/functions {"functions":[{"name":"projects/omnia-retail-6ad5b/locations/us-central1/functions/api","httpsTrigger":{"url":"https://us-central1-omnia-retail-6ad5b.cloudfunctions.net/api","securityLevel":"SECURE_ALWAYS"},"status":"ACTIVE","entryPoint":"api","timeout":"60s","availableMemoryMb":256,"serviceAccountEmail":"omnia-retail-6ad5b@appspot.gserviceaccount.com","updateTime":"2022-08-09T06:10:31.153Z","versionId":"7","labels":{"deployment-tool":"cli-firebase"},"sourceUploadUrl":"https://storage.googleapis.com/uploads-550647487032.us-central1.cloudfunctions.appspot.com/130f32ec-9634-4308-84b3-98803e500f0e.zip","environmentVariables":{"FIREBASE_CONFIG":"{\"projectId\":\"omnia-retail-6ad5b\",\"storageBucket\":\"omnia-retail-6ad5b.appspot.com\"}","GCLOUD_PROJECT":"omnia-retail-6ad5b"},"runtime":"nodejs16","ingressSettings":"ALLOW_ALL","buildId":"b01cf667-9578-432b-b315-281b08e70670","buildName":"projects/372239190972/locations/us-central1/builds/b01cf667-9578-432b-b315-281b08e70670","dockerRegistry":"ARTIFACT_REGISTRY"}]}
[debug] [2022-08-09T06:13:40.824Z] >>> [apiv2][query] GET https://cloudfunctions.googleapis.com/v2alpha/projects/omnia-retail-6ad5b/locations/-/functions [none]
[debug] [2022-08-09T06:13:41.876Z] <<< [apiv2][status] GET https://cloudfunctions.googleapis.com/v2alpha/projects/omnia-retail-6ad5b/locations/-/functions 200
[debug] [2022-08-09T06:13:41.876Z] <<< [apiv2][body] GET https://cloudfunctions.googleapis.com/v2alpha/projects/omnia-retail-6ad5b/locations/-/functions {}
[debug] [2022-08-09T06:13:41.880Z] >>> [apiv2][query] GET https://firebase.googleapis.com/v1beta1/projects/omnia-retail-6ad5b [none]
[debug] [2022-08-09T06:13:42.318Z] <<< [apiv2][status] GET https://firebase.googleapis.com/v1beta1/projects/omnia-retail-6ad5b 200
[debug] [2022-08-09T06:13:42.318Z] <<< [apiv2][body] GET https://firebase.googleapis.com/v1beta1/projects/omnia-retail-6ad5b {"projectId":"omnia-retail-6ad5b","projectNumber":"372239190972","displayName":"Omnia Retail","name":"projects/omnia-retail-6ad5b","resources":{"hostingSite":"omnia-retail-6ad5b"},"state":"ACTIVE","etag":"1_a6caa19d-d53f-461e-a802-c6aa5337e648"}
[debug] [2022-08-09T06:13:42.319Z] >>> [apiv2][query] POST https://cloudfunctions.googleapis.com/v1/projects/omnia-retail-6ad5b/locations/us-central1/functions:generateUploadUrl [none]
[debug] [2022-08-09T06:13:42.319Z] >>> [apiv2][body] POST https://cloudfunctions.googleapis.com/v1/projects/omnia-retail-6ad5b/locations/us-central1/functions:generateUploadUrl {}
[debug] [2022-08-09T06:13:42.823Z] <<< [apiv2][status] POST https://cloudfunctions.googleapis.com/v1/projects/omnia-retail-6ad5b/locations/us-central1/functions:generateUploadUrl 200
[debug] [2022-08-09T06:13:42.823Z] <<< [apiv2][body] POST https://cloudfunctions.googleapis.com/v1/projects/omnia-retail-6ad5b/locations/us-central1/functions:generateUploadUrl {"uploadUrl":"https://storage.googleapis.com/uploads-550647487032.us-central1.cloudfunctions.appspot.com/8114aa4a-842c-4c49-a127-33ee660fe9ce.zip?GoogleAccessId=service-372239190972@gcf-admin-robot.iam.gserviceaccount.com&Expires=1660027422&Signature=nHNh9uY6ao2%2B59MtsgC%2BhSoszPk6cnspYHOwzmJOl8XqM6ZHTZHq3CRfbooEY%2BKluvxbi4nnaGucyklwPKwNzCfy8Oj2WS5%2F8tgaThEk0BykixArq5Le1jP2fKJYQXk3sPgcth16WnaTc7hikix6Jt52v49wrFSIPArRWewBEGj8OLkDeaWWJErqfa%2B5xanwsokDY49kp6957QmfAgRF9fphAd4TfFcqI9YidajCH8tF9KHMOEOVCdmyCQ5ymwhggwGWw2HKxlNNUgCAb2JL9syxfSzz%2BWWW6%2Bc9leeJcGgJjF1l2e5My92n2%2BdMHIH5R7rxdpYfDVLEYmwNCnxC%2Fg%3D%3D"}
[debug] [2022-08-09T06:13:42.825Z] >>> [apiv2][query] PUT https://storage.googleapis.com/uploads-550647487032.us-central1.cloudfunctions.appspot.com/8114aa4a-842c-4c49-a127-33ee660fe9ce.zip GoogleAccessId=service-372239190972%40gcf-admin-robot.iam.gserviceaccount.com&Expires=1660027422&Signature=nHNh9uY6ao2%2B59MtsgC%2BhSoszPk6cnspYHOwzmJOl8XqM6ZHTZHq3CRfbooEY%2BKluvxbi4nnaGucyklwPKwNzCfy8Oj2WS5%2F8tgaThEk0BykixArq5Le1jP2fKJYQXk3sPgcth16WnaTc7hikix6Jt52v49wrFSIPArRWewBEGj8OLkDeaWWJErqfa%2B5xanwsokDY49kp6957QmfAgRF9fphAd4TfFcqI9YidajCH8tF9KHMOEOVCdmyCQ5ymwhggwGWw2HKxlNNUgCAb2JL9syxfSzz%2BWWW6%2Bc9leeJcGgJjF1l2e5My92n2%2BdMHIH5R7rxdpYfDVLEYmwNCnxC%2Fg%3D%3D
[debug] [2022-08-09T06:13:42.825Z] >>> [apiv2][body] PUT https://storage.googleapis.com/uploads-550647487032.us-central1.cloudfunctions.appspot.com/8114aa4a-842c-4c49-a127-33ee660fe9ce.zip [stream]
[debug] [2022-08-09T06:13:43.198Z] <<< [apiv2][status] PUT https://storage.googleapis.com/uploads-550647487032.us-central1.cloudfunctions.appspot.com/8114aa4a-842c-4c49-a127-33ee660fe9ce.zip 200
[debug] [2022-08-09T06:13:43.198Z] <<< [apiv2][body] PUT https://storage.googleapis.com/uploads-550647487032.us-central1.cloudfunctions.appspot.com/8114aa4a-842c-4c49-a127-33ee660fe9ce.zip [omitted]
[info] ✔  functions: functions folder uploaded successfully 
[info] i  functions: updating Node.js 16 function api(us-central1)... 
[debug] [2022-08-09T06:13:43.200Z] >>> [apiv2][query] PATCH https://cloudfunctions.googleapis.com/v1/projects/omnia-retail-6ad5b/locations/us-central1/functions/api updateMask=name%2CsourceUploadUrl%2CentryPoint%2Cruntime%2CdockerRegistry%2Clabels%2ChttpsTrigger.securityLevel%2CenvironmentVariables%2CavailableMemoryMb%2CsourceToken
[debug] [2022-08-09T06:13:43.200Z] >>> [apiv2][body] PATCH https://cloudfunctions.googleapis.com/v1/projects/omnia-retail-6ad5b/locations/us-central1/functions/api {"name":"projects/omnia-retail-6ad5b/locations/us-central1/functions/api","sourceUploadUrl":"https://storage.googleapis.com/uploads-550647487032.us-central1.cloudfunctions.appspot.com/8114aa4a-842c-4c49-a127-33ee660fe9ce.zip?GoogleAccessId=service-372239190972@gcf-admin-robot.iam.gserviceaccount.com&Expires=1660027422&Signature=nHNh9uY6ao2%2B59MtsgC%2BhSoszPk6cnspYHOwzmJOl8XqM6ZHTZHq3CRfbooEY%2BKluvxbi4nnaGucyklwPKwNzCfy8Oj2WS5%2F8tgaThEk0BykixArq5Le1jP2fKJYQXk3sPgcth16WnaTc7hikix6Jt52v49wrFSIPArRWewBEGj8OLkDeaWWJErqfa%2B5xanwsokDY49kp6957QmfAgRF9fphAd4TfFcqI9YidajCH8tF9KHMOEOVCdmyCQ5ymwhggwGWw2HKxlNNUgCAb2JL9syxfSzz%2BWWW6%2Bc9leeJcGgJjF1l2e5My92n2%2BdMHIH5R7rxdpYfDVLEYmwNCnxC%2Fg%3D%3D","entryPoint":"api","runtime":"nodejs16","dockerRegistry":"ARTIFACT_REGISTRY","labels":{"deployment-tool":"cli-firebase"},"httpsTrigger":{"securityLevel":"SECURE_ALWAYS"},"environmentVariables":{"FIREBASE_CONFIG":"{\"projectId\":\"omnia-retail-6ad5b\",\"storageBucket\":\"omnia-retail-6ad5b.appspot.com\"}","GCLOUD_PROJECT":"omnia-retail-6ad5b"},"availableMemoryMb":256}
[debug] [2022-08-09T06:13:43.797Z] <<< [apiv2][status] PATCH https://cloudfunctions.googleapis.com/v1/projects/omnia-retail-6ad5b/locations/us-central1/functions/api 200
[debug] [2022-08-09T06:13:43.797Z] <<< [apiv2][body] PATCH https://cloudfunctions.googleapis.com/v1/projects/omnia-retail-6ad5b/locations/us-central1/functions/api {"name":"operations/b21uaWEtcmV0YWlsLTZhZDViL3VzLWNlbnRyYWwxL2FwaS8yZlRWMUhoTEJJaw","metadata":{"@type":"type.googleapis.com/google.cloud.functions.v1.OperationMetadataV1","target":"projects/omnia-retail-6ad5b/locations/us-central1/functions/api","type":"UPDATE_FUNCTION","request":{"@type":"type.googleapis.com/google.cloud.functions.v1.CloudFunction","name":"projects/omnia-retail-6ad5b/locations/us-central1/functions/api","httpsTrigger":{"url":"https://us-central1-omnia-retail-6ad5b.cloudfunctions.net/api","securityLevel":"SECURE_ALWAYS"},"status":"ACTIVE","entryPoint":"api","timeout":"60s","availableMemoryMb":256,"serviceAccountEmail":"omnia-retail-6ad5b@appspot.gserviceaccount.com","updateTime":"2022-08-09T06:10:31.153Z","versionId":"7","labels":{"deployment-tool":"cli-firebase"},"sourceUploadUrl":"https://storage.googleapis.com/uploads-550647487032.us-central1.cloudfunctions.appspot.com/8114aa4a-842c-4c49-a127-33ee660fe9ce.zip?GoogleAccessId=service-372239190972@gcf-admin-robot.iam.gserviceaccount.com&Expires=1660027422&Signature=nHNh9uY6ao2%2B59MtsgC%2BhSoszPk6cnspYHOwzmJOl8XqM6ZHTZHq3CRfbooEY%2BKluvxbi4nnaGucyklwPKwNzCfy8Oj2WS5%2F8tgaThEk0BykixArq5Le1jP2fKJYQXk3sPgcth16WnaTc7hikix6Jt52v49wrFSIPArRWewBEGj8OLkDeaWWJErqfa%2B5xanwsokDY49kp6957QmfAgRF9fphAd4TfFcqI9YidajCH8tF9KHMOEOVCdmyCQ5ymwhggwGWw2HKxlNNUgCAb2JL9syxfSzz%2BWWW6%2Bc9leeJcGgJjF1l2e5My92n2%2BdMHIH5R7rxdpYfDVLEYmwNCnxC%2Fg%3D%3D","environmentVariables":{"FIREBASE_CONFIG":"{\"projectId\":\"omnia-retail-6ad5b\",\"storageBucket\":\"omnia-retail-6ad5b.appspot.com\"}","GCLOUD_PROJECT":"omnia-retail-6ad5b"},"runtime":"nodejs16","ingressSettings":"ALLOW_ALL","buildId":"b01cf667-9578-432b-b315-281b08e70670","buildName":"projects/372239190972/locations/us-central1/builds/b01cf667-9578-432b-b315-281b08e70670","dockerRegistry":"ARTIFACT_REGISTRY"},"versionId":"8","updateTime":"2022-08-09T06:13:43Z"}}
[debug] [2022-08-09T06:13:43.797Z] >>> [apiv2][query] GET https://cloudfunctions.googleapis.com/v1/operations/b21uaWEtcmV0YWlsLTZhZDViL3VzLWNlbnRyYWwxL2FwaS8yZlRWMUhoTEJJaw [none]
[debug] [2022-08-09T06:13:44.041Z] <<< [apiv2][status] GET https://cloudfunctions.googleapis.com/v1/operations/b21uaWEtcmV0YWlsLTZhZDViL3VzLWNlbnRyYWwxL2FwaS8yZlRWMUhoTEJJaw 200
[debug] [2022-08-09T06:13:44.041Z] <<< [apiv2][body] GET https://cloudfunctions.googleapis.com/v1/operations/b21uaWEtcmV0YWlsLTZhZDViL3VzLWNlbnRyYWwxL2FwaS8yZlRWMUhoTEJJaw {"name":"operations/b21uaWEtcmV0YWlsLTZhZDViL3VzLWNlbnRyYWwxL2FwaS8yZlRWMUhoTEJJaw","metadata":{"@type":"type.googleapis.com/google.cloud.functions.v1.OperationMetadataV1","target":"projects/omnia-retail-6ad5b/locations/us-central1/functions/api","type":"UPDATE_FUNCTION","request":{"@type":"type.googleapis.com/google.cloud.functions.v1.CloudFunction","name":"projects/omnia-retail-6ad5b/locations/us-central1/functions/api","httpsTrigger":{"url":"https://us-central1-omnia-retail-6ad5b.cloudfunctions.net/api","securityLevel":"SECURE_ALWAYS"},"status":"ACTIVE","entryPoint":"api","timeout":"60s","availableMemoryMb":256,"serviceAccountEmail":"omnia-retail-6ad5b@appspot.gserviceaccount.com","updateTime":"2022-08-09T06:10:31.153Z","versionId":"7","labels":{"deployment-tool":"cli-firebase"},"sourceUploadUrl":"https://storage.googleapis.com/uploads-550647487032.us-central1.cloudfunctions.appspot.com/8114aa4a-842c-4c49-a127-33ee660fe9ce.zip?GoogleAccessId=service-372239190972@gcf-admin-robot.iam.gserviceaccount.com&Expires=1660027422&Signature=nHNh9uY6ao2%2B59MtsgC%2BhSoszPk6cnspYHOwzmJOl8XqM6ZHTZHq3CRfbooEY%2BKluvxbi4nnaGucyklwPKwNzCfy8Oj2WS5%2F8tgaThEk0BykixArq5Le1jP2fKJYQXk3sPgcth16WnaTc7hikix6Jt52v49wrFSIPArRWewBEGj8OLkDeaWWJErqfa%2B5xanwsokDY49kp6957QmfAgRF9fphAd4TfFcqI9YidajCH8tF9KHMOEOVCdmyCQ5ymwhggwGWw2HKxlNNUgCAb2JL9syxfSzz%2BWWW6%2Bc9leeJcGgJjF1l2e5My92n2%2BdMHIH5R7rxdpYfDVLEYmwNCnxC%2Fg%3D%3D","environmentVariables":{"FIREBASE_CONFIG":"{\"projectId\":\"omnia-retail-6ad5b\",\"storageBucket\":\"omnia-retail-6ad5b.appspot.com\"}","GCLOUD_PROJECT":"omnia-retail-6ad5b"},"runtime":"nodejs16","ingressSettings":"ALLOW_ALL","buildId":"b01cf667-9578-432b-b315-281b08e70670","buildName":"projects/372239190972/locations/us-central1/builds/b01cf667-9578-432b-b315-281b08e70670","dockerRegistry":"ARTIFACT_REGISTRY"},"versionId":"8","updateTime":"2022-08-09T06:13:43Z"}}
[debug] [2022-08-09T06:13:44.543Z] [update-default-us-central1-api] Retrying task index 0
[debug] [2022-08-09T06:13:44.543Z] >>> [apiv2][query] GET https://cloudfunctions.googleapis.com/v1/operations/b21uaWEtcmV0YWlsLTZhZDViL3VzLWNlbnRyYWwxL2FwaS8yZlRWMUhoTEJJaw [none]
[debug] [2022-08-09T06:13:44.839Z] <<< [apiv2][status] GET https://cloudfunctions.googleapis.com/v1/operations/b21uaWEtcmV0YWlsLTZhZDViL3VzLWNlbnRyYWwxL2FwaS8yZlRWMUhoTEJJaw 200
[debug] [2022-08-09T06:13:44.839Z] <<< [apiv2][body] GET https://cloudfunctions.googleapis.com/v1/operations/b21uaWEtcmV0YWlsLTZhZDViL3VzLWNlbnRyYWwxL2FwaS8yZlRWMUhoTEJJaw {"name":"operations/b21uaWEtcmV0YWlsLTZhZDViL3VzLWNlbnRyYWwxL2FwaS8yZlRWMUhoTEJJaw","metadata":{"@type":"type.googleapis.com/google.cloud.functions.v1.OperationMetadataV1","target":"projects/omnia-retail-6ad5b/locations/us-central1/functions/api","type":"UPDATE_FUNCTION","request":{"@type":"type.googleapis.com/google.cloud.functions.v1.CloudFunction","name":"projects/omnia-retail-6ad5b/locations/us-central1/functions/api","httpsTrigger":{"url":"https://us-central1-omnia-retail-6ad5b.cloudfunctions.net/api","securityLevel":"SECURE_ALWAYS"},"status":"ACTIVE","entryPoint":"api","timeout":"60s","availableMemoryMb":256,"serviceAccountEmail":"omnia-retail-6ad5b@appspot.gserviceaccount.com","updateTime":"2022-08-09T06:10:31.153Z","versionId":"7","labels":{"deployment-tool":"cli-firebase"},"sourceUploadUrl":"https://storage.googleapis.com/uploads-550647487032.us-central1.cloudfunctions.appspot.com/8114aa4a-842c-4c49-a127-33ee660fe9ce.zip?GoogleAccessId=service-372239190972@gcf-admin-robot.iam.gserviceaccount.com&Expires=1660027422&Signature=nHNh9uY6ao2%2B59MtsgC%2BhSoszPk6cnspYHOwzmJOl8XqM6ZHTZHq3CRfbooEY%2BKluvxbi4nnaGucyklwPKwNzCfy8Oj2WS5%2F8tgaThEk0BykixArq5Le1jP2fKJYQXk3sPgcth16WnaTc7hikix6Jt52v49wrFSIPArRWewBEGj8OLkDeaWWJErqfa%2B5xanwsokDY49kp6957QmfAgRF9fphAd4TfFcqI9YidajCH8tF9KHMOEOVCdmyCQ5ymwhggwGWw2HKxlNNUgCAb2JL9syxfSzz%2BWWW6%2Bc9leeJcGgJjF1l2e5My92n2%2BdMHIH5R7rxdpYfDVLEYmwNCnxC%2Fg%3D%3D","environmentVariables":{"FIREBASE_CONFIG":"{\"projectId\":\"omnia-retail-6ad5b\",\"storageBucket\":\"omnia-retail-6ad5b.appspot.com\"}","GCLOUD_PROJECT":"omnia-retail-6ad5b"},"runtime":"nodejs16","ingressSettings":"ALLOW_ALL","buildId":"b01cf667-9578-432b-b315-281b08e70670","buildName":"projects/372239190972/locations/us-central1/builds/b01cf667-9578-432b-b315-281b08e70670","dockerRegistry":"ARTIFACT_REGISTRY"},"versionId":"8","updateTime":"2022-08-09T06:13:43Z","buildId":"c66f78cc-ff8f-4528-ae8d-56a55e0ab842","buildName":"projects/372239190972/locations/us-central1/builds/c66f78cc-ff8f-4528-ae8d-56a55e0ab842"}}
[debug] [2022-08-09T06:13:45.840Z] [update-default-us-central1-api] Retrying task index 0
[debug] [2022-08-09T06:13:45.841Z] >>> [apiv2][query] GET https://cloudfunctions.googleapis.com/v1/operations/b21uaWEtcmV0YWlsLTZhZDViL3VzLWNlbnRyYWwxL2FwaS8yZlRWMUhoTEJJaw [none]
[debug] [2022-08-09T06:13:46.149Z] <<< [apiv2][status] GET https://cloudfunctions.googleapis.com/v1/operations/b21uaWEtcmV0YWlsLTZhZDViL3VzLWNlbnRyYWwxL2FwaS8yZlRWMUhoTEJJaw 200
[debug] [2022-08-09T06:13:46.149Z] <<< [apiv2][body] GET https://cloudfunctions.googleapis.com/v1/operations/b21uaWEtcmV0YWlsLTZhZDViL3VzLWNlbnRyYWwxL2FwaS8yZlRWMUhoTEJJaw {"name":"operations/b21uaWEtcmV0YWlsLTZhZDViL3VzLWNlbnRyYWwxL2FwaS8yZlRWMUhoTEJJaw","metadata":{"@type":"type.googleapis.com/google.cloud.functions.v1.OperationMetadataV1","target":"projects/omnia-retail-6ad5b/locations/us-central1/functions/api","type":"UPDATE_FUNCTION","request":{"@type":"type.googleapis.com/google.cloud.functions.v1.CloudFunction","name":"projects/omnia-retail-6ad5b/locations/us-central1/functions/api","httpsTrigger":{"url":"https://us-central1-omnia-retail-6ad5b.cloudfunctions.net/api","securityLevel":"SECURE_ALWAYS"},"status":"ACTIVE","entryPoint":"api","timeout":"60s","availableMemoryMb":256,"serviceAccountEmail":"omnia-retail-6ad5b@appspot.gserviceaccount.com","updateTime":"2022-08-09T06:10:31.153Z","versionId":"7","labels":{"deployment-tool":"cli-firebase"},"sourceUploadUrl":"https://storage.googleapis.com/uploads-550647487032.us-central1.cloudfunctions.appspot.com/8114aa4a-842c-4c49-a127-33ee660fe9ce.zip?GoogleAccessId=service-372239190972@gcf-admin-robot.iam.gserviceaccount.com&Expires=1660027422&Signature=nHNh9uY6ao2%2B59MtsgC%2BhSoszPk6cnspYHOwzmJOl8XqM6ZHTZHq3CRfbooEY%2BKluvxbi4nnaGucyklwPKwNzCfy8Oj2WS5%2F8tgaThEk0BykixArq5Le1jP2fKJYQXk3sPgcth16WnaTc7hikix6Jt52v49wrFSIPArRWewBEGj8OLkDeaWWJErqfa%2B5xanwsokDY49kp6957QmfAgRF9fphAd4TfFcqI9YidajCH8tF9KHMOEOVCdmyCQ5ymwhggwGWw2HKxlNNUgCAb2JL9syxfSzz%2BWWW6%2Bc9leeJcGgJjF1l2e5My92n2%2BdMHIH5R7rxdpYfDVLEYmwNCnxC%2Fg%3D%3D","environmentVariables":{"FIREBASE_CONFIG":"{\"projectId\":\"omnia-retail-6ad5b\",\"storageBucket\":\"omnia-retail-6ad5b.appspot.com\"}","GCLOUD_PROJECT":"omnia-retail-6ad5b"},"runtime":"nodejs16","ingressSettings":"ALLOW_ALL","buildId":"b01cf667-9578-432b-b315-281b08e70670","buildName":"projects/372239190972/locations/us-central1/builds/b01cf667-9578-432b-b315-281b08e70670","dockerRegistry":"ARTIFACT_REGISTRY"},"versionId":"8","updateTime":"2022-08-09T06:13:43Z","buildId":"c66f78cc-ff8f-4528-ae8d-56a55e0ab842","buildName":"projects/372239190972/locations/us-central1/builds/c66f78cc-ff8f-4528-ae8d-56a55e0ab842"}}
[debug] [2022-08-09T06:13:48.150Z] [update-default-us-central1-api] Retrying task index 0
[debug] [2022-08-09T06:13:48.150Z] >>> [apiv2][query] GET https://cloudfunctions.googleapis.com/v1/operations/b21uaWEtcmV0YWlsLTZhZDViL3VzLWNlbnRyYWwxL2FwaS8yZlRWMUhoTEJJaw [none]
[debug] [2022-08-09T06:13:48.442Z] <<< [apiv2][status] GET https://cloudfunctions.googleapis.com/v1/operations/b21uaWEtcmV0YWlsLTZhZDViL3VzLWNlbnRyYWwxL2FwaS8yZlRWMUhoTEJJaw 200
[debug] [2022-08-09T06:13:48.442Z] <<< [apiv2][body] GET https://cloudfunctions.googleapis.com/v1/operations/b21uaWEtcmV0YWlsLTZhZDViL3VzLWNlbnRyYWwxL2FwaS8yZlRWMUhoTEJJaw {"name":"operations/b21uaWEtcmV0YWlsLTZhZDViL3VzLWNlbnRyYWwxL2FwaS8yZlRWMUhoTEJJaw","metadata":{"@type":"type.googleapis.com/google.cloud.functions.v1.OperationMetadataV1","target":"projects/omnia-retail-6ad5b/locations/us-central1/functions/api","type":"UPDATE_FUNCTION","request":{"@type":"type.googleapis.com/google.cloud.functions.v1.CloudFunction","name":"projects/omnia-retail-6ad5b/locations/us-central1/functions/api","httpsTrigger":{"url":"https://us-central1-omnia-retail-6ad5b.cloudfunctions.net/api","securityLevel":"SECURE_ALWAYS"},"status":"ACTIVE","entryPoint":"api","timeout":"60s","availableMemoryMb":256,"serviceAccountEmail":"omnia-retail-6ad5b@appspot.gserviceaccount.com","updateTime":"2022-08-09T06:10:31.153Z","versionId":"7","labels":{"deployment-tool":"cli-firebase"},"sourceUploadUrl":"https://storage.googleapis.com/uploads-550647487032.us-central1.cloudfunctions.appspot.com/8114aa4a-842c-4c49-a127-33ee660fe9ce.zip?GoogleAccessId=service-372239190972@gcf-admin-robot.iam.gserviceaccount.com&Expires=1660027422&Signature=nHNh9uY6ao2%2B59MtsgC%2BhSoszPk6cnspYHOwzmJOl8XqM6ZHTZHq3CRfbooEY%2BKluvxbi4nnaGucyklwPKwNzCfy8Oj2WS5%2F8tgaThEk0BykixArq5Le1jP2fKJYQXk3sPgcth16WnaTc7hikix6Jt52v49wrFSIPArRWewBEGj8OLkDeaWWJErqfa%2B5xanwsokDY49kp6957QmfAgRF9fphAd4TfFcqI9YidajCH8tF9KHMOEOVCdmyCQ5ymwhggwGWw2HKxlNNUgCAb2JL9syxfSzz%2BWWW6%2Bc9leeJcGgJjF1l2e5My92n2%2BdMHIH5R7rxdpYfDVLEYmwNCnxC%2Fg%3D%3D","environmentVariables":{"FIREBASE_CONFIG":"{\"projectId\":\"omnia-retail-6ad5b\",\"storageBucket\":\"omnia-retail-6ad5b.appspot.com\"}","GCLOUD_PROJECT":"omnia-retail-6ad5b"},"runtime":"nodejs16","ingressSettings":"ALLOW_ALL","buildId":"b01cf667-9578-432b-b315-281b08e70670","buildName":"projects/372239190972/locations/us-central1/builds/b01cf667-9578-432b-b315-281b08e70670","dockerRegistry":"ARTIFACT_REGISTRY"},"versionId":"8","updateTime":"2022-08-09T06:13:43Z","buildId":"c66f78cc-ff8f-4528-ae8d-56a55e0ab842","buildName":"projects/372239190972/locations/us-central1/builds/c66f78cc-ff8f-4528-ae8d-56a55e0ab842"}}
[debug] [2022-08-09T06:13:52.444Z] [update-default-us-central1-api] Retrying task index 0
[debug] [2022-08-09T06:13:52.444Z] >>> [apiv2][query] GET https://cloudfunctions.googleapis.com/v1/operations/b21uaWEtcmV0YWlsLTZhZDViL3VzLWNlbnRyYWwxL2FwaS8yZlRWMUhoTEJJaw [none]
[debug] [2022-08-09T06:13:52.909Z] <<< [apiv2][status] GET https://cloudfunctions.googleapis.com/v1/operations/b21uaWEtcmV0YWlsLTZhZDViL3VzLWNlbnRyYWwxL2FwaS8yZlRWMUhoTEJJaw 200
[debug] [2022-08-09T06:13:52.909Z] <<< [apiv2][body] GET https://cloudfunctions.googleapis.com/v1/operations/b21uaWEtcmV0YWlsLTZhZDViL3VzLWNlbnRyYWwxL2FwaS8yZlRWMUhoTEJJaw {"name":"operations/b21uaWEtcmV0YWlsLTZhZDViL3VzLWNlbnRyYWwxL2FwaS8yZlRWMUhoTEJJaw","metadata":{"@type":"type.googleapis.com/google.cloud.functions.v1.OperationMetadataV1","target":"projects/omnia-retail-6ad5b/locations/us-central1/functions/api","type":"UPDATE_FUNCTION","request":{"@type":"type.googleapis.com/google.cloud.functions.v1.CloudFunction","name":"projects/omnia-retail-6ad5b/locations/us-central1/functions/api","httpsTrigger":{"url":"https://us-central1-omnia-retail-6ad5b.cloudfunctions.net/api","securityLevel":"SECURE_ALWAYS"},"status":"ACTIVE","entryPoint":"api","timeout":"60s","availableMemoryMb":256,"serviceAccountEmail":"omnia-retail-6ad5b@appspot.gserviceaccount.com","updateTime":"2022-08-09T06:10:31.153Z","versionId":"7","labels":{"deployment-tool":"cli-firebase"},"sourceUploadUrl":"https://storage.googleapis.com/uploads-550647487032.us-central1.cloudfunctions.appspot.com/8114aa4a-842c-4c49-a127-33ee660fe9ce.zip?GoogleAccessId=service-372239190972@gcf-admin-robot.iam.gserviceaccount.com&Expires=1660027422&Signature=nHNh9uY6ao2%2B59MtsgC%2BhSoszPk6cnspYHOwzmJOl8XqM6ZHTZHq3CRfbooEY%2BKluvxbi4nnaGucyklwPKwNzCfy8Oj2WS5%2F8tgaThEk0BykixArq5Le1jP2fKJYQXk3sPgcth16WnaTc7hikix6Jt52v49wrFSIPArRWewBEGj8OLkDeaWWJErqfa%2B5xanwsokDY49kp6957QmfAgRF9fphAd4TfFcqI9YidajCH8tF9KHMOEOVCdmyCQ5ymwhggwGWw2HKxlNNUgCAb2JL9syxfSzz%2BWWW6%2Bc9leeJcGgJjF1l2e5My92n2%2BdMHIH5R7rxdpYfDVLEYmwNCnxC%2Fg%3D%3D","environmentVariables":{"FIREBASE_CONFIG":"{\"projectId\":\"omnia-retail-6ad5b\",\"storageBucket\":\"omnia-retail-6ad5b.appspot.com\"}","GCLOUD_PROJECT":"omnia-retail-6ad5b"},"runtime":"nodejs16","ingressSettings":"ALLOW_ALL","buildId":"b01cf667-9578-432b-b315-281b08e70670","buildName":"projects/372239190972/locations/us-central1/builds/b01cf667-9578-432b-b315-281b08e70670","dockerRegistry":"ARTIFACT_REGISTRY"},"versionId":"8","updateTime":"2022-08-09T06:13:43Z","buildId":"c66f78cc-ff8f-4528-ae8d-56a55e0ab842","buildName":"projects/372239190972/locations/us-central1/builds/c66f78cc-ff8f-4528-ae8d-56a55e0ab842"}}
[debug] [2022-08-09T06:14:00.910Z] [update-default-us-central1-api] Retrying task index 0
[debug] [2022-08-09T06:14:00.911Z] >>> [apiv2][query] GET https://cloudfunctions.googleapis.com/v1/operations/b21uaWEtcmV0YWlsLTZhZDViL3VzLWNlbnRyYWwxL2FwaS8yZlRWMUhoTEJJaw [none]
[debug] [2022-08-09T06:14:01.176Z] <<< [apiv2][status] GET https://cloudfunctions.googleapis.com/v1/operations/b21uaWEtcmV0YWlsLTZhZDViL3VzLWNlbnRyYWwxL2FwaS8yZlRWMUhoTEJJaw 200
[debug] [2022-08-09T06:14:01.176Z] <<< [apiv2][body] GET https://cloudfunctions.googleapis.com/v1/operations/b21uaWEtcmV0YWlsLTZhZDViL3VzLWNlbnRyYWwxL2FwaS8yZlRWMUhoTEJJaw {"name":"operations/b21uaWEtcmV0YWlsLTZhZDViL3VzLWNlbnRyYWwxL2FwaS8yZlRWMUhoTEJJaw","metadata":{"@type":"type.googleapis.com/google.cloud.functions.v1.OperationMetadataV1","target":"projects/omnia-retail-6ad5b/locations/us-central1/functions/api","type":"UPDATE_FUNCTION","request":{"@type":"type.googleapis.com/google.cloud.functions.v1.CloudFunction","name":"projects/omnia-retail-6ad5b/locations/us-central1/functions/api","httpsTrigger":{"url":"https://us-central1-omnia-retail-6ad5b.cloudfunctions.net/api","securityLevel":"SECURE_ALWAYS"},"status":"ACTIVE","entryPoint":"api","timeout":"60s","availableMemoryMb":256,"serviceAccountEmail":"omnia-retail-6ad5b@appspot.gserviceaccount.com","updateTime":"2022-08-09T06:10:31.153Z","versionId":"7","labels":{"deployment-tool":"cli-firebase"},"sourceUploadUrl":"https://storage.googleapis.com/uploads-550647487032.us-central1.cloudfunctions.appspot.com/8114aa4a-842c-4c49-a127-33ee660fe9ce.zip?GoogleAccessId=service-372239190972@gcf-admin-robot.iam.gserviceaccount.com&Expires=1660027422&Signature=nHNh9uY6ao2%2B59MtsgC%2BhSoszPk6cnspYHOwzmJOl8XqM6ZHTZHq3CRfbooEY%2BKluvxbi4nnaGucyklwPKwNzCfy8Oj2WS5%2F8tgaThEk0BykixArq5Le1jP2fKJYQXk3sPgcth16WnaTc7hikix6Jt52v49wrFSIPArRWewBEGj8OLkDeaWWJErqfa%2B5xanwsokDY49kp6957QmfAgRF9fphAd4TfFcqI9YidajCH8tF9KHMOEOVCdmyCQ5ymwhggwGWw2HKxlNNUgCAb2JL9syxfSzz%2BWWW6%2Bc9leeJcGgJjF1l2e5My92n2%2BdMHIH5R7rxdpYfDVLEYmwNCnxC%2Fg%3D%3D","environmentVariables":{"FIREBASE_CONFIG":"{\"projectId\":\"omnia-retail-6ad5b\",\"storageBucket\":\"omnia-retail-6ad5b.appspot.com\"}","GCLOUD_PROJECT":"omnia-retail-6ad5b"},"runtime":"nodejs16","ingressSettings":"ALLOW_ALL","buildId":"b01cf667-9578-432b-b315-281b08e70670","buildName":"projects/372239190972/locations/us-central1/builds/b01cf667-9578-432b-b315-281b08e70670","dockerRegistry":"ARTIFACT_REGISTRY"},"versionId":"8","updateTime":"2022-08-09T06:13:43Z","buildId":"c66f78cc-ff8f-4528-ae8d-56a55e0ab842","buildName":"projects/372239190972/locations/us-central1/builds/c66f78cc-ff8f-4528-ae8d-56a55e0ab842"}}
[debug] [2022-08-09T06:14:11.178Z] [update-default-us-central1-api] Retrying task index 0
[debug] [2022-08-09T06:14:11.178Z] >>> [apiv2][query] GET https://cloudfunctions.googleapis.com/v1/operations/b21uaWEtcmV0YWlsLTZhZDViL3VzLWNlbnRyYWwxL2FwaS8yZlRWMUhoTEJJaw [none]
[debug] [2022-08-09T06:14:11.569Z] <<< [apiv2][status] GET https://cloudfunctions.googleapis.com/v1/operations/b21uaWEtcmV0YWlsLTZhZDViL3VzLWNlbnRyYWwxL2FwaS8yZlRWMUhoTEJJaw 200
[debug] [2022-08-09T06:14:11.569Z] <<< [apiv2][body] GET https://cloudfunctions.googleapis.com/v1/operations/b21uaWEtcmV0YWlsLTZhZDViL3VzLWNlbnRyYWwxL2FwaS8yZlRWMUhoTEJJaw {"name":"operations/b21uaWEtcmV0YWlsLTZhZDViL3VzLWNlbnRyYWwxL2FwaS8yZlRWMUhoTEJJaw","metadata":{"@type":"type.googleapis.com/google.cloud.functions.v1.OperationMetadataV1","target":"projects/omnia-retail-6ad5b/locations/us-central1/functions/api","type":"UPDATE_FUNCTION","request":{"@type":"type.googleapis.com/google.cloud.functions.v1.CloudFunction","name":"projects/omnia-retail-6ad5b/locations/us-central1/functions/api","httpsTrigger":{"url":"https://us-central1-omnia-retail-6ad5b.cloudfunctions.net/api","securityLevel":"SECURE_ALWAYS"},"status":"ACTIVE","entryPoint":"api","timeout":"60s","availableMemoryMb":256,"serviceAccountEmail":"omnia-retail-6ad5b@appspot.gserviceaccount.com","updateTime":"2022-08-09T06:10:31.153Z","versionId":"7","labels":{"deployment-tool":"cli-firebase"},"sourceUploadUrl":"https://storage.googleapis.com/uploads-550647487032.us-central1.cloudfunctions.appspot.com/8114aa4a-842c-4c49-a127-33ee660fe9ce.zip?GoogleAccessId=service-372239190972@gcf-admin-robot.iam.gserviceaccount.com&Expires=1660027422&Signature=nHNh9uY6ao2%2B59MtsgC%2BhSoszPk6cnspYHOwzmJOl8XqM6ZHTZHq3CRfbooEY%2BKluvxbi4nnaGucyklwPKwNzCfy8Oj2WS5%2F8tgaThEk0BykixArq5Le1jP2fKJYQXk3sPgcth16WnaTc7hikix6Jt52v49wrFSIPArRWewBEGj8OLkDeaWWJErqfa%2B5xanwsokDY49kp6957QmfAgRF9fphAd4TfFcqI9YidajCH8tF9KHMOEOVCdmyCQ5ymwhggwGWw2HKxlNNUgCAb2JL9syxfSzz%2BWWW6%2Bc9leeJcGgJjF1l2e5My92n2%2BdMHIH5R7rxdpYfDVLEYmwNCnxC%2Fg%3D%3D","environmentVariables":{"FIREBASE_CONFIG":"{\"projectId\":\"omnia-retail-6ad5b\",\"storageBucket\":\"omnia-retail-6ad5b.appspot.com\"}","GCLOUD_PROJECT":"omnia-retail-6ad5b"},"runtime":"nodejs16","ingressSettings":"ALLOW_ALL","buildId":"b01cf667-9578-432b-b315-281b08e70670","buildName":"projects/372239190972/locations/us-central1/builds/b01cf667-9578-432b-b315-281b08e70670","dockerRegistry":"ARTIFACT_REGISTRY"},"versionId":"8","updateTime":"2022-08-09T06:13:43Z","buildId":"c66f78cc-ff8f-4528-ae8d-56a55e0ab842","buildName":"projects/372239190972/locations/us-central1/builds/c66f78cc-ff8f-4528-ae8d-56a55e0ab842"}}
[debug] [2022-08-09T06:14:21.570Z] [update-default-us-central1-api] Retrying task index 0
[debug] [2022-08-09T06:14:21.570Z] >>> [apiv2][query] GET https://cloudfunctions.googleapis.com/v1/operations/b21uaWEtcmV0YWlsLTZhZDViL3VzLWNlbnRyYWwxL2FwaS8yZlRWMUhoTEJJaw [none]
[debug] [2022-08-09T06:14:21.829Z] <<< [apiv2][status] GET https://cloudfunctions.googleapis.com/v1/operations/b21uaWEtcmV0YWlsLTZhZDViL3VzLWNlbnRyYWwxL2FwaS8yZlRWMUhoTEJJaw 200
[debug] [2022-08-09T06:14:21.829Z] <<< [apiv2][body] GET https://cloudfunctions.googleapis.com/v1/operations/b21uaWEtcmV0YWlsLTZhZDViL3VzLWNlbnRyYWwxL2FwaS8yZlRWMUhoTEJJaw {"name":"operations/b21uaWEtcmV0YWlsLTZhZDViL3VzLWNlbnRyYWwxL2FwaS8yZlRWMUhoTEJJaw","metadata":{"@type":"type.googleapis.com/google.cloud.functions.v1.OperationMetadataV1","target":"projects/omnia-retail-6ad5b/locations/us-central1/functions/api","type":"UPDATE_FUNCTION","request":{"@type":"type.googleapis.com/google.cloud.functions.v1.CloudFunction","name":"projects/omnia-retail-6ad5b/locations/us-central1/functions/api","httpsTrigger":{"url":"https://us-central1-omnia-retail-6ad5b.cloudfunctions.net/api","securityLevel":"SECURE_ALWAYS"},"status":"ACTIVE","entryPoint":"api","timeout":"60s","availableMemoryMb":256,"serviceAccountEmail":"omnia-retail-6ad5b@appspot.gserviceaccount.com","updateTime":"2022-08-09T06:10:31.153Z","versionId":"7","labels":{"deployment-tool":"cli-firebase"},"sourceUploadUrl":"https://storage.googleapis.com/uploads-550647487032.us-central1.cloudfunctions.appspot.com/8114aa4a-842c-4c49-a127-33ee660fe9ce.zip?GoogleAccessId=service-372239190972@gcf-admin-robot.iam.gserviceaccount.com&Expires=1660027422&Signature=nHNh9uY6ao2%2B59MtsgC%2BhSoszPk6cnspYHOwzmJOl8XqM6ZHTZHq3CRfbooEY%2BKluvxbi4nnaGucyklwPKwNzCfy8Oj2WS5%2F8tgaThEk0BykixArq5Le1jP2fKJYQXk3sPgcth16WnaTc7hikix6Jt52v49wrFSIPArRWewBEGj8OLkDeaWWJErqfa%2B5xanwsokDY49kp6957QmfAgRF9fphAd4TfFcqI9YidajCH8tF9KHMOEOVCdmyCQ5ymwhggwGWw2HKxlNNUgCAb2JL9syxfSzz%2BWWW6%2Bc9leeJcGgJjF1l2e5My92n2%2BdMHIH5R7rxdpYfDVLEYmwNCnxC%2Fg%3D%3D","environmentVariables":{"FIREBASE_CONFIG":"{\"projectId\":\"omnia-retail-6ad5b\",\"storageBucket\":\"omnia-retail-6ad5b.appspot.com\"}","GCLOUD_PROJECT":"omnia-retail-6ad5b"},"runtime":"nodejs16","ingressSettings":"ALLOW_ALL","buildId":"b01cf667-9578-432b-b315-281b08e70670","buildName":"projects/372239190972/locations/us-central1/builds/b01cf667-9578-432b-b315-281b08e70670","dockerRegistry":"ARTIFACT_REGISTRY"},"versionId":"8","updateTime":"2022-08-09T06:13:43Z","buildId":"c66f78cc-ff8f-4528-ae8d-56a55e0ab842","buildName":"projects/372239190972/locations/us-central1/builds/c66f78cc-ff8f-4528-ae8d-56a55e0ab842"}}
[debug] [2022-08-09T06:14:31.829Z] [update-default-us-central1-api] Retrying task index 0
[debug] [2022-08-09T06:14:31.830Z] >>> [apiv2][query] GET https://cloudfunctions.googleapis.com/v1/operations/b21uaWEtcmV0YWlsLTZhZDViL3VzLWNlbnRyYWwxL2FwaS8yZlRWMUhoTEJJaw [none]
[debug] [2022-08-09T06:14:32.121Z] <<< [apiv2][status] GET https://cloudfunctions.googleapis.com/v1/operations/b21uaWEtcmV0YWlsLTZhZDViL3VzLWNlbnRyYWwxL2FwaS8yZlRWMUhoTEJJaw 200
[debug] [2022-08-09T06:14:32.121Z] <<< [apiv2][body] GET https://cloudfunctions.googleapis.com/v1/operations/b21uaWEtcmV0YWlsLTZhZDViL3VzLWNlbnRyYWwxL2FwaS8yZlRWMUhoTEJJaw {"name":"operations/b21uaWEtcmV0YWlsLTZhZDViL3VzLWNlbnRyYWwxL2FwaS8yZlRWMUhoTEJJaw","metadata":{"@type":"type.googleapis.com/google.cloud.functions.v1.OperationMetadataV1","target":"projects/omnia-retail-6ad5b/locations/us-central1/functions/api","type":"UPDATE_FUNCTION","request":{"@type":"type.googleapis.com/google.cloud.functions.v1.CloudFunction","name":"projects/omnia-retail-6ad5b/locations/us-central1/functions/api","httpsTrigger":{"url":"https://us-central1-omnia-retail-6ad5b.cloudfunctions.net/api","securityLevel":"SECURE_ALWAYS"},"status":"ACTIVE","entryPoint":"api","timeout":"60s","availableMemoryMb":256,"serviceAccountEmail":"omnia-retail-6ad5b@appspot.gserviceaccount.com","updateTime":"2022-08-09T06:10:31.153Z","versionId":"7","labels":{"deployment-tool":"cli-firebase"},"sourceUploadUrl":"https://storage.googleapis.com/uploads-550647487032.us-central1.cloudfunctions.appspot.com/8114aa4a-842c-4c49-a127-33ee660fe9ce.zip?GoogleAccessId=service-372239190972@gcf-admin-robot.iam.gserviceaccount.com&Expires=1660027422&Signature=nHNh9uY6ao2%2B59MtsgC%2BhSoszPk6cnspYHOwzmJOl8XqM6ZHTZHq3CRfbooEY%2BKluvxbi4nnaGucyklwPKwNzCfy8Oj2WS5%2F8tgaThEk0BykixArq5Le1jP2fKJYQXk3sPgcth16WnaTc7hikix6Jt52v49wrFSIPArRWewBEGj8OLkDeaWWJErqfa%2B5xanwsokDY49kp6957QmfAgRF9fphAd4TfFcqI9YidajCH8tF9KHMOEOVCdmyCQ5ymwhggwGWw2HKxlNNUgCAb2JL9syxfSzz%2BWWW6%2Bc9leeJcGgJjF1l2e5My92n2%2BdMHIH5R7rxdpYfDVLEYmwNCnxC%2Fg%3D%3D","environmentVariables":{"FIREBASE_CONFIG":"{\"projectId\":\"omnia-retail-6ad5b\",\"storageBucket\":\"omnia-retail-6ad5b.appspot.com\"}","GCLOUD_PROJECT":"omnia-retail-6ad5b"},"runtime":"nodejs16","ingressSettings":"ALLOW_ALL","buildId":"b01cf667-9578-432b-b315-281b08e70670","buildName":"projects/372239190972/locations/us-central1/builds/b01cf667-9578-432b-b315-281b08e70670","dockerRegistry":"ARTIFACT_REGISTRY"},"versionId":"8","updateTime":"2022-08-09T06:13:43Z","buildId":"c66f78cc-ff8f-4528-ae8d-56a55e0ab842","buildName":"projects/372239190972/locations/us-central1/builds/c66f78cc-ff8f-4528-ae8d-56a55e0ab842"}}
[debug] [2022-08-09T06:14:42.122Z] [update-default-us-central1-api] Retrying task index 0
[debug] [2022-08-09T06:14:42.123Z] >>> [apiv2][query] GET https://cloudfunctions.googleapis.com/v1/operations/b21uaWEtcmV0YWlsLTZhZDViL3VzLWNlbnRyYWwxL2FwaS8yZlRWMUhoTEJJaw [none]
[debug] [2022-08-09T06:14:42.365Z] <<< [apiv2][status] GET https://cloudfunctions.googleapis.com/v1/operations/b21uaWEtcmV0YWlsLTZhZDViL3VzLWNlbnRyYWwxL2FwaS8yZlRWMUhoTEJJaw 200
[debug] [2022-08-09T06:14:42.365Z] <<< [apiv2][body] GET https://cloudfunctions.googleapis.com/v1/operations/b21uaWEtcmV0YWlsLTZhZDViL3VzLWNlbnRyYWwxL2FwaS8yZlRWMUhoTEJJaw {"name":"operations/b21uaWEtcmV0YWlsLTZhZDViL3VzLWNlbnRyYWwxL2FwaS8yZlRWMUhoTEJJaw","metadata":{"@type":"type.googleapis.com/google.cloud.functions.v1.OperationMetadataV1","target":"projects/omnia-retail-6ad5b/locations/us-central1/functions/api","type":"UPDATE_FUNCTION","request":{"@type":"type.googleapis.com/google.cloud.functions.v1.CloudFunction","name":"projects/omnia-retail-6ad5b/locations/us-central1/functions/api","httpsTrigger":{"url":"https://us-central1-omnia-retail-6ad5b.cloudfunctions.net/api","securityLevel":"SECURE_ALWAYS"},"status":"ACTIVE","entryPoint":"api","timeout":"60s","availableMemoryMb":256,"serviceAccountEmail":"omnia-retail-6ad5b@appspot.gserviceaccount.com","updateTime":"2022-08-09T06:10:31.153Z","versionId":"7","labels":{"deployment-tool":"cli-firebase"},"sourceUploadUrl":"https://storage.googleapis.com/uploads-550647487032.us-central1.cloudfunctions.appspot.com/8114aa4a-842c-4c49-a127-33ee660fe9ce.zip?GoogleAccessId=service-372239190972@gcf-admin-robot.iam.gserviceaccount.com&Expires=1660027422&Signature=nHNh9uY6ao2%2B59MtsgC%2BhSoszPk6cnspYHOwzmJOl8XqM6ZHTZHq3CRfbooEY%2BKluvxbi4nnaGucyklwPKwNzCfy8Oj2WS5%2F8tgaThEk0BykixArq5Le1jP2fKJYQXk3sPgcth16WnaTc7hikix6Jt52v49wrFSIPArRWewBEGj8OLkDeaWWJErqfa%2B5xanwsokDY49kp6957QmfAgRF9fphAd4TfFcqI9YidajCH8tF9KHMOEOVCdmyCQ5ymwhggwGWw2HKxlNNUgCAb2JL9syxfSzz%2BWWW6%2Bc9leeJcGgJjF1l2e5My92n2%2BdMHIH5R7rxdpYfDVLEYmwNCnxC%2Fg%3D%3D","environmentVariables":{"FIREBASE_CONFIG":"{\"projectId\":\"omnia-retail-6ad5b\",\"storageBucket\":\"omnia-retail-6ad5b.appspot.com\"}","GCLOUD_PROJECT":"omnia-retail-6ad5b"},"runtime":"nodejs16","ingressSettings":"ALLOW_ALL","buildId":"b01cf667-9578-432b-b315-281b08e70670","buildName":"projects/372239190972/locations/us-central1/builds/b01cf667-9578-432b-b315-281b08e70670","dockerRegistry":"ARTIFACT_REGISTRY"},"versionId":"8","updateTime":"2022-08-09T06:13:43Z","buildId":"c66f78cc-ff8f-4528-ae8d-56a55e0ab842","buildName":"projects/372239190972/locations/us-central1/builds/c66f78cc-ff8f-4528-ae8d-56a55e0ab842"}}
[debug] [2022-08-09T06:14:52.366Z] [update-default-us-central1-api] Retrying task index 0
[debug] [2022-08-09T06:14:52.367Z] >>> [apiv2][query] GET https://cloudfunctions.googleapis.com/v1/operations/b21uaWEtcmV0YWlsLTZhZDViL3VzLWNlbnRyYWwxL2FwaS8yZlRWMUhoTEJJaw [none]
[debug] [2022-08-09T06:14:52.812Z] <<< [apiv2][status] GET https://cloudfunctions.googleapis.com/v1/operations/b21uaWEtcmV0YWlsLTZhZDViL3VzLWNlbnRyYWwxL2FwaS8yZlRWMUhoTEJJaw 200
[debug] [2022-08-09T06:14:52.812Z] <<< [apiv2][body] GET https://cloudfunctions.googleapis.com/v1/operations/b21uaWEtcmV0YWlsLTZhZDViL3VzLWNlbnRyYWwxL2FwaS8yZlRWMUhoTEJJaw {"name":"operations/b21uaWEtcmV0YWlsLTZhZDViL3VzLWNlbnRyYWwxL2FwaS8yZlRWMUhoTEJJaw","metadata":{"@type":"type.googleapis.com/google.cloud.functions.v1.OperationMetadataV1","target":"projects/omnia-retail-6ad5b/locations/us-central1/functions/api","type":"UPDATE_FUNCTION","request":{"@type":"type.googleapis.com/google.cloud.functions.v1.CloudFunction","name":"projects/omnia-retail-6ad5b/locations/us-central1/functions/api","httpsTrigger":{"url":"https://us-central1-omnia-retail-6ad5b.cloudfunctions.net/api","securityLevel":"SECURE_ALWAYS"},"status":"ACTIVE","entryPoint":"api","timeout":"60s","availableMemoryMb":256,"serviceAccountEmail":"omnia-retail-6ad5b@appspot.gserviceaccount.com","updateTime":"2022-08-09T06:10:31.153Z","versionId":"7","labels":{"deployment-tool":"cli-firebase"},"sourceUploadUrl":"https://storage.googleapis.com/uploads-550647487032.us-central1.cloudfunctions.appspot.com/8114aa4a-842c-4c49-a127-33ee660fe9ce.zip?GoogleAccessId=service-372239190972@gcf-admin-robot.iam.gserviceaccount.com&Expires=1660027422&Signature=nHNh9uY6ao2%2B59MtsgC%2BhSoszPk6cnspYHOwzmJOl8XqM6ZHTZHq3CRfbooEY%2BKluvxbi4nnaGucyklwPKwNzCfy8Oj2WS5%2F8tgaThEk0BykixArq5Le1jP2fKJYQXk3sPgcth16WnaTc7hikix6Jt52v49wrFSIPArRWewBEGj8OLkDeaWWJErqfa%2B5xanwsokDY49kp6957QmfAgRF9fphAd4TfFcqI9YidajCH8tF9KHMOEOVCdmyCQ5ymwhggwGWw2HKxlNNUgCAb2JL9syxfSzz%2BWWW6%2Bc9leeJcGgJjF1l2e5My92n2%2BdMHIH5R7rxdpYfDVLEYmwNCnxC%2Fg%3D%3D","environmentVariables":{"FIREBASE_CONFIG":"{\"projectId\":\"omnia-retail-6ad5b\",\"storageBucket\":\"omnia-retail-6ad5b.appspot.com\"}","GCLOUD_PROJECT":"omnia-retail-6ad5b"},"runtime":"nodejs16","ingressSettings":"ALLOW_ALL","buildId":"b01cf667-9578-432b-b315-281b08e70670","buildName":"projects/372239190972/locations/us-central1/builds/b01cf667-9578-432b-b315-281b08e70670","dockerRegistry":"ARTIFACT_REGISTRY"},"versionId":"8","updateTime":"2022-08-09T06:13:43Z","buildId":"c66f78cc-ff8f-4528-ae8d-56a55e0ab842","buildName":"projects/372239190972/locations/us-central1/builds/c66f78cc-ff8f-4528-ae8d-56a55e0ab842"}}
[debug] [2022-08-09T06:15:02.813Z] [update-default-us-central1-api] Retrying task index 0
[debug] [2022-08-09T06:15:02.814Z] >>> [apiv2][query] GET https://cloudfunctions.googleapis.com/v1/operations/b21uaWEtcmV0YWlsLTZhZDViL3VzLWNlbnRyYWwxL2FwaS8yZlRWMUhoTEJJaw [none]
[debug] [2022-08-09T06:15:03.155Z] <<< [apiv2][status] GET https://cloudfunctions.googleapis.com/v1/operations/b21uaWEtcmV0YWlsLTZhZDViL3VzLWNlbnRyYWwxL2FwaS8yZlRWMUhoTEJJaw 200
[debug] [2022-08-09T06:15:03.155Z] <<< [apiv2][body] GET https://cloudfunctions.googleapis.com/v1/operations/b21uaWEtcmV0YWlsLTZhZDViL3VzLWNlbnRyYWwxL2FwaS8yZlRWMUhoTEJJaw {"name":"operations/b21uaWEtcmV0YWlsLTZhZDViL3VzLWNlbnRyYWwxL2FwaS8yZlRWMUhoTEJJaw","metadata":{"@type":"type.googleapis.com/google.cloud.functions.v1.OperationMetadataV1","target":"projects/omnia-retail-6ad5b/locations/us-central1/functions/api","type":"UPDATE_FUNCTION","request":{"@type":"type.googleapis.com/google.cloud.functions.v1.CloudFunction","name":"projects/omnia-retail-6ad5b/locations/us-central1/functions/api","httpsTrigger":{"url":"https://us-central1-omnia-retail-6ad5b.cloudfunctions.net/api","securityLevel":"SECURE_ALWAYS"},"status":"ACTIVE","entryPoint":"api","timeout":"60s","availableMemoryMb":256,"serviceAccountEmail":"omnia-retail-6ad5b@appspot.gserviceaccount.com","updateTime":"2022-08-09T06:10:31.153Z","versionId":"7","labels":{"deployment-tool":"cli-firebase"},"sourceUploadUrl":"https://storage.googleapis.com/uploads-550647487032.us-central1.cloudfunctions.appspot.com/8114aa4a-842c-4c49-a127-33ee660fe9ce.zip?GoogleAccessId=service-372239190972@gcf-admin-robot.iam.gserviceaccount.com&Expires=1660027422&Signature=nHNh9uY6ao2%2B59MtsgC%2BhSoszPk6cnspYHOwzmJOl8XqM6ZHTZHq3CRfbooEY%2BKluvxbi4nnaGucyklwPKwNzCfy8Oj2WS5%2F8tgaThEk0BykixArq5Le1jP2fKJYQXk3sPgcth16WnaTc7hikix6Jt52v49wrFSIPArRWewBEGj8OLkDeaWWJErqfa%2B5xanwsokDY49kp6957QmfAgRF9fphAd4TfFcqI9YidajCH8tF9KHMOEOVCdmyCQ5ymwhggwGWw2HKxlNNUgCAb2JL9syxfSzz%2BWWW6%2Bc9leeJcGgJjF1l2e5My92n2%2BdMHIH5R7rxdpYfDVLEYmwNCnxC%2Fg%3D%3D","environmentVariables":{"FIREBASE_CONFIG":"{\"projectId\":\"omnia-retail-6ad5b\",\"storageBucket\":\"omnia-retail-6ad5b.appspot.com\"}","GCLOUD_PROJECT":"omnia-retail-6ad5b"},"runtime":"nodejs16","ingressSettings":"ALLOW_ALL","buildId":"b01cf667-9578-432b-b315-281b08e70670","buildName":"projects/372239190972/locations/us-central1/builds/b01cf667-9578-432b-b315-281b08e70670","dockerRegistry":"ARTIFACT_REGISTRY"},"versionId":"8","updateTime":"2022-08-09T06:13:43Z","buildId":"c66f78cc-ff8f-4528-ae8d-56a55e0ab842","buildName":"projects/372239190972/locations/us-central1/builds/c66f78cc-ff8f-4528-ae8d-56a55e0ab842"}}
[debug] [2022-08-09T06:15:13.157Z] [update-default-us-central1-api] Retrying task index 0
[debug] [2022-08-09T06:15:13.158Z] >>> [apiv2][query] GET https://cloudfunctions.googleapis.com/v1/operations/b21uaWEtcmV0YWlsLTZhZDViL3VzLWNlbnRyYWwxL2FwaS8yZlRWMUhoTEJJaw [none]
[debug] [2022-08-09T06:15:13.405Z] <<< [apiv2][status] GET https://cloudfunctions.googleapis.com/v1/operations/b21uaWEtcmV0YWlsLTZhZDViL3VzLWNlbnRyYWwxL2FwaS8yZlRWMUhoTEJJaw 200
[debug] [2022-08-09T06:15:13.405Z] <<< [apiv2][body] GET https://cloudfunctions.googleapis.com/v1/operations/b21uaWEtcmV0YWlsLTZhZDViL3VzLWNlbnRyYWwxL2FwaS8yZlRWMUhoTEJJaw {"name":"operations/b21uaWEtcmV0YWlsLTZhZDViL3VzLWNlbnRyYWwxL2FwaS8yZlRWMUhoTEJJaw","metadata":{"@type":"type.googleapis.com/google.cloud.functions.v1.OperationMetadataV1","target":"projects/omnia-retail-6ad5b/locations/us-central1/functions/api","type":"UPDATE_FUNCTION","request":{"@type":"type.googleapis.com/google.cloud.functions.v1.CloudFunction","name":"projects/omnia-retail-6ad5b/locations/us-central1/functions/api","httpsTrigger":{"url":"https://us-central1-omnia-retail-6ad5b.cloudfunctions.net/api","securityLevel":"SECURE_ALWAYS"},"status":"ACTIVE","entryPoint":"api","timeout":"60s","availableMemoryMb":256,"serviceAccountEmail":"omnia-retail-6ad5b@appspot.gserviceaccount.com","updateTime":"2022-08-09T06:10:31.153Z","versionId":"7","labels":{"deployment-tool":"cli-firebase"},"sourceUploadUrl":"https://storage.googleapis.com/uploads-550647487032.us-central1.cloudfunctions.appspot.com/8114aa4a-842c-4c49-a127-33ee660fe9ce.zip?GoogleAccessId=service-372239190972@gcf-admin-robot.iam.gserviceaccount.com&Expires=1660027422&Signature=nHNh9uY6ao2%2B59MtsgC%2BhSoszPk6cnspYHOwzmJOl8XqM6ZHTZHq3CRfbooEY%2BKluvxbi4nnaGucyklwPKwNzCfy8Oj2WS5%2F8tgaThEk0BykixArq5Le1jP2fKJYQXk3sPgcth16WnaTc7hikix6Jt52v49wrFSIPArRWewBEGj8OLkDeaWWJErqfa%2B5xanwsokDY49kp6957QmfAgRF9fphAd4TfFcqI9YidajCH8tF9KHMOEOVCdmyCQ5ymwhggwGWw2HKxlNNUgCAb2JL9syxfSzz%2BWWW6%2Bc9leeJcGgJjF1l2e5My92n2%2BdMHIH5R7rxdpYfDVLEYmwNCnxC%2Fg%3D%3D","environmentVariables":{"FIREBASE_CONFIG":"{\"projectId\":\"omnia-retail-6ad5b\",\"storageBucket\":\"omnia-retail-6ad5b.appspot.com\"}","GCLOUD_PROJECT":"omnia-retail-6ad5b"},"runtime":"nodejs16","ingressSettings":"ALLOW_ALL","buildId":"b01cf667-9578-432b-b315-281b08e70670","buildName":"projects/372239190972/locations/us-central1/builds/b01cf667-9578-432b-b315-281b08e70670","dockerRegistry":"ARTIFACT_REGISTRY"},"versionId":"8","updateTime":"2022-08-09T06:13:43Z","buildId":"c66f78cc-ff8f-4528-ae8d-56a55e0ab842","sourceToken":"9ced1d5f-bc62-4b63-b2ed-3be3b10c5f16","buildName":"projects/372239190972/locations/us-central1/builds/c66f78cc-ff8f-4528-ae8d-56a55e0ab842"}}
[debug] [2022-08-09T06:15:13.405Z] Got source token 9ced1d5f-bc62-4b63-b2ed-3be3b10c5f16 for region us-central1
